Using pre-set license
Built from '2020.3/release' branch; Version is '2020.3.1f1 (77a89f25062f) revision 7841951'; Using compiler version '192528614'; Build Type 'Release'
OS: 'Windows 10 Home; OS build 18363.1440; Version 1909; 64bit' Language: 'en' Physical Memory: 16120 MB
BatchMode: 1, IsHumanControllingUs: 0, StartBugReporterOnCrash: 0, Is64bit: 1, IsPro: 0

 COMMAND LINE ARGUMENTS:
C:\Program Files\Unity\Hub\Editor\2020.3.1f1\Editor\Unity.exe
-adb2
-batchMode
-noUpm
-name
AssetImportWorker1
-projectPath
C:/Users/colet/OneDrive/Desktop/CinosDOE/CinosDOE
-logFile
Logs/AssetImportWorker1.log
-srvPort
49944
Successfully changed project path to: C:/Users/colet/OneDrive/Desktop/CinosDOE/CinosDOE
C:/Users/colet/OneDrive/Desktop/CinosDOE/CinosDOE
Using Asset Import Pipeline V2.
Refreshing native plugins compatible for Editor in 33.83 ms, found 0 plugins.
Preloading 0 native plugins for Editor in 0.00 ms.
Initialize engine version: 2020.3.1f1 (77a89f25062f)
[Subsystems] Discovering subsystems at path C:/Program Files/Unity/Hub/Editor/2020.3.1f1/Editor/Data/Resources/UnitySubsystems
[Subsystems] Discovering subsystems at path C:/Users/colet/OneDrive/Desktop/CinosDOE/CinosDOE/Assets
GfxDevice: creating device client; threaded=0
Direct3D:
    Version:  Direct3D 11.0 [level 11.1]
    Renderer: NVIDIA GeForce GTX 1050 Ti with Max-Q Design (ID=0x1c8c)
    Vendor:   
    VRAM:     4021 MB
    Driver:   25.21.14.1771
Initialize mono
Mono path[0] = 'C:/Program Files/Unity/Hub/Editor/2020.3.1f1/Editor/Data/Managed'
Mono path[1] = 'C:/Program Files/Unity/Hub/Editor/2020.3.1f1/Editor/Data/MonoBleedingEdge/lib/mono/unityjit'
Mono config path = 'C:/Program Files/Unity/Hub/Editor/2020.3.1f1/Editor/Data/MonoBleedingEdge/etc'
Using monoOptions --debugger-agent=transport=dt_socket,embedding=1,server=y,suspend=n,address=127.0.0.1:56944
Begin MonoManager ReloadAssembly
Registering precompiled unity dll's ...
Register platform support module: C:/Program Files/Unity/Hub/Editor/2020.3.1f1/Editor/Data/PlaybackEngines/WindowsStandaloneSupport/UnityEditor.WindowsStandalone.Extensions.dll
Registered in 0.004935 seconds.
Native extension for WindowsStandalone target not found
Refreshing native plugins compatible for Editor in 41.86 ms, found 0 plugins.
Preloading 0 native plugins for Editor in 0.00 ms.
Invoked RoslynAnalysisRunner static constructor.
RoslynAnalysisRunner will not be running.
RoslynAnalysisRunner has terminated.
Mono: successfully reloaded assembly
- Completed reload, in  2.463 seconds
Platform modules already initialized, skipping
Registering precompiled user dll's ...
Registered in 0.001651 seconds.
Begin MonoManager ReloadAssembly
Native extension for WindowsStandalone target not found
Refreshing native plugins compatible for Editor in 0.33 ms, found 0 plugins.
Preloading 0 native plugins for Editor in 0.00 ms.
Invoked RoslynAnalysisRunner static constructor.
RoslynAnalysisRunner will not be running.
RoslynAnalysisRunner has terminated.
Mono: successfully reloaded assembly
- Completed reload, in  2.755 seconds
Platform modules already initialized, skipping
========================================================================
Worker process is ready to serve import requests
Launched and connected shader compiler UnityShaderCompiler.exe after 0.18 seconds
Refreshing native plugins compatible for Editor in 0.38 ms, found 0 plugins.
Preloading 0 native plugins for Editor in 0.00 ms.
Unloading 1118 Unused Serialized files (Serialized files now loaded: 0)
System memory in use before: 139.5 MB.
System memory in use after: 139.5 MB.

Unloading 9 unused Assets to reduce memory usage. Loaded Objects now: 1578.
Total: 3.383400 ms (FindLiveObjects: 0.235900 ms CreateObjectMapping: 0.121700 ms MarkObjects: 2.901000 ms  DeleteObjects: 0.122500 ms)

========================================================================
Received Import Request.
  path: Assets/Scripts/Enemy.cs
  artifactKey: Guid(0d8cbb761739dc2489bd2d64f137ebd9) Importer(815301076,1909f56bfc062723c751e8b465ee728b)
Start importing Assets/Scripts/Enemy.cs using Guid(0d8cbb761739dc2489bd2d64f137ebd9) Importer(815301076,1909f56bfc062723c751e8b465ee728b)  -> (artifact id: 'f0b108c69e79842c6f6b5049b8bf668d') in 0.156029 seconds
  Import took 0.159187 seconds .

========================================================================
Received Import Request.
  Time since last request: 137.735462 seconds.
  path: Assets/Scripts/FireScript.cs
  artifactKey: Guid(703d76f1810aa0d43a4f066b3f5b479b) Importer(815301076,1909f56bfc062723c751e8b465ee728b)
Start importing Assets/Scripts/FireScript.cs using Guid(703d76f1810aa0d43a4f066b3f5b479b) Importer(815301076,1909f56bfc062723c751e8b465ee728b)  -> (artifact id: 'a966a20df18a8941b115989864a15818') in 0.037708 seconds
  Import took 0.046074 seconds .

========================================================================
Received Import Request.
  Time since last request: 0.054587 seconds.
  path: Assets/Scripts/FireScript.cs
  artifactKey: Guid(703d76f1810aa0d43a4f066b3f5b479b) Importer(815301076,1909f56bfc062723c751e8b465ee728b)
Start importing Assets/Scripts/FireScript.cs using Guid(703d76f1810aa0d43a4f066b3f5b479b) Importer(815301076,1909f56bfc062723c751e8b465ee728b)  -> (artifact id: 'a966a20df18a8941b115989864a15818') in 0.007840 seconds
  Import took 0.011409 seconds .

========================================================================
Received Import Request.
  Time since last request: 859.117261 seconds.
  path: Assets/Prefabs
  artifactKey: Guid(57aff0cbaa13c9e4680cc4e61bed88db) Importer(815301076,1909f56bfc062723c751e8b465ee728b)
Start importing Assets/Prefabs using Guid(57aff0cbaa13c9e4680cc4e61bed88db) Importer(815301076,1909f56bfc062723c751e8b465ee728b)  -> (artifact id: 'b0046ebdec199a0951f321f7c34c922e') in 0.043444 seconds
  Import took 0.052147 seconds .

========================================================================
Received Import Request.
  Time since last request: 0.402804 seconds.
  path: Assets/Prefabs/Enemy.prefab
  artifactKey: Guid(9f45cf00b0ea7824bad5b688a7d6c808) Importer(815301076,1909f56bfc062723c751e8b465ee728b)
Start importing Assets/Prefabs/Enemy.prefab using Guid(9f45cf00b0ea7824bad5b688a7d6c808) Importer(815301076,1909f56bfc062723c751e8b465ee728b)  -> (artifact id: 'a5a2a6892e16dd1ba3822081109577e9') in 0.311481 seconds
  Import took 0.319507 seconds .

========================================================================
Received Import Request.
  Time since last request: 0.000858 seconds.
  path: Assets/Prefabs/PurpleSpellEnd.prefab
  artifactKey: Guid(16fea8114b7753f4f9af1af7e52c7cc0) Importer(815301076,1909f56bfc062723c751e8b465ee728b)
Start importing Assets/Prefabs/PurpleSpellEnd.prefab using Guid(16fea8114b7753f4f9af1af7e52c7cc0) Importer(815301076,1909f56bfc062723c751e8b465ee728b)  -> (artifact id: '422ea9c82b02c210d0ef5428daf7e6dd') in 0.041451 seconds
  Import took 0.047818 seconds .

========================================================================
Received Import Request.
  Time since last request: 0.000797 seconds.
  path: Assets/Prefabs/Purple Spell.prefab
  artifactKey: Guid(a3cbba17120b2fc4a87ad39c67210f39) Importer(815301076,1909f56bfc062723c751e8b465ee728b)
Start importing Assets/Prefabs/Purple Spell.prefab using Guid(a3cbba17120b2fc4a87ad39c67210f39) Importer(815301076,1909f56bfc062723c751e8b465ee728b)  -> (artifact id: '497cbd0dff9139439e5efbc4ae122edd') in 0.035717 seconds
  Import took 0.041309 seconds .

========================================================================
Received Import Request.
  Time since last request: 1005.505936 seconds.
  path: Assets/Scripts
  artifactKey: Guid(952a7390f0f58d945b46eddca290bbe6) Importer(815301076,1909f56bfc062723c751e8b465ee728b)
Start importing Assets/Scripts using Guid(952a7390f0f58d945b46eddca290bbe6) Importer(815301076,1909f56bfc062723c751e8b465ee728b)  -> (artifact id: '558587dc6478b1c1697346926bbc8b14') in 0.012563 seconds
  Import took 0.014954 seconds .

========================================================================
Received Prepare
Registering precompiled user dll's ...
Registered in 0.001038 seconds.
Begin MonoManager ReloadAssembly
Native extension for WindowsStandalone target not found
Refreshing native plugins compatible for Editor in 0.19 ms, found 0 plugins.
Preloading 0 native plugins for Editor in 0.00 ms.
Invoked RoslynAnalysisRunner static constructor.
RoslynAnalysisRunner will not be running.
RoslynAnalysisRunner has terminated.
Mono: successfully reloaded assembly
- Completed reload, in  0.842 seconds
Platform modules already initialized, skipping
Refreshing native plugins compatible for Editor in 0.23 ms, found 0 plugins.
Preloading 0 native plugins for Editor in 0.00 ms.
Unloading 1112 Unused Serialized files (Serialized files now loaded: 0)
System memory in use before: 142.5 MB.
System memory in use after: 142.6 MB.

Unloading 4 unused Assets to reduce memory usage. Loaded Objects now: 1591.
Total: 1.720300 ms (FindLiveObjects: 0.136100 ms CreateObjectMapping: 0.034000 ms MarkObjects: 1.537100 ms  DeleteObjects: 0.012400 ms)

========================================================================
Received Prepare
Registering precompiled user dll's ...
Registered in 0.000951 seconds.
Begin MonoManager ReloadAssembly
Native extension for WindowsStandalone target not found
Refreshing native plugins compatible for Editor in 0.18 ms, found 0 plugins.
Preloading 0 native plugins for Editor in 0.00 ms.
Invoked RoslynAnalysisRunner static constructor.
RoslynAnalysisRunner will not be running.
RoslynAnalysisRunner has terminated.
Mono: successfully reloaded assembly
- Completed reload, in  0.739 seconds
Platform modules already initialized, skipping
Refreshing native plugins compatible for Editor in 0.72 ms, found 0 plugins.
Preloading 0 native plugins for Editor in 0.00 ms.
Unloading 1112 Unused Serialized files (Serialized files now loaded: 0)
System memory in use before: 142.6 MB.
System memory in use after: 142.7 MB.

Unloading 4 unused Assets to reduce memory usage. Loaded Objects now: 1594.
Total: 2.310600 ms (FindLiveObjects: 0.136900 ms CreateObjectMapping: 0.032800 ms MarkObjects: 2.125700 ms  DeleteObjects: 0.013900 ms)

========================================================================
Received Prepare
Registering precompiled user dll's ...
Registered in 0.001513 seconds.
Begin MonoManager ReloadAssembly
Native extension for WindowsStandalone target not found
Refreshing native plugins compatible for Editor in 0.19 ms, found 0 plugins.
Preloading 0 native plugins for Editor in 0.00 ms.
Invoked RoslynAnalysisRunner static constructor.
RoslynAnalysisRunner will not be running.
RoslynAnalysisRunner has terminated.
Mono: successfully reloaded assembly
- Completed reload, in  0.820 seconds
Platform modules already initialized, skipping
Refreshing native plugins compatible for Editor in 0.22 ms, found 0 plugins.
Preloading 0 native plugins for Editor in 0.00 ms.
Unloading 1112 Unused Serialized files (Serialized files now loaded: 0)
System memory in use before: 142.6 MB.
System memory in use after: 142.7 MB.

Unloading 4 unused Assets to reduce memory usage. Loaded Objects now: 1597.
Total: 2.075700 ms (FindLiveObjects: 0.141100 ms CreateObjectMapping: 0.033900 ms MarkObjects: 1.884800 ms  DeleteObjects: 0.015000 ms)

========================================================================
Received Prepare
Registering precompiled user dll's ...
Registered in 0.001156 seconds.
Begin MonoManager ReloadAssembly
Native extension for WindowsStandalone target not found
Refreshing native plugins compatible for Editor in 0.19 ms, found 0 plugins.
Preloading 0 native plugins for Editor in 0.00 ms.
Invoked RoslynAnalysisRunner static constructor.
RoslynAnalysisRunner will not be running.
RoslynAnalysisRunner has terminated.
Mono: successfully reloaded assembly
- Completed reload, in  0.780 seconds
Platform modules already initialized, skipping
Refreshing native plugins compatible for Editor in 0.24 ms, found 0 plugins.
Preloading 0 native plugins for Editor in 0.00 ms.
Unloading 1112 Unused Serialized files (Serialized files now loaded: 0)
System memory in use before: 142.6 MB.
System memory in use after: 142.7 MB.

Unloading 4 unused Assets to reduce memory usage. Loaded Objects now: 1600.
Total: 1.709500 ms (FindLiveObjects: 0.170800 ms CreateObjectMapping: 0.038100 ms MarkObjects: 1.486800 ms  DeleteObjects: 0.013000 ms)

========================================================================
Received Prepare
Registering precompiled user dll's ...
Registered in 0.001068 seconds.
Begin MonoManager ReloadAssembly
Native extension for WindowsStandalone target not found
Refreshing native plugins compatible for Editor in 0.19 ms, found 0 plugins.
Preloading 0 native plugins for Editor in 0.00 ms.
Invoked RoslynAnalysisRunner static constructor.
RoslynAnalysisRunner will not be running.
RoslynAnalysisRunner has terminated.
Mono: successfully reloaded assembly
- Completed reload, in  0.757 seconds
Platform modules already initialized, skipping
Refreshing native plugins compatible for Editor in 0.22 ms, found 0 plugins.
Preloading 0 native plugins for Editor in 0.00 ms.
Unloading 1112 Unused Serialized files (Serialized files now loaded: 0)
System memory in use before: 142.6 MB.
System memory in use after: 142.7 MB.

Unloading 4 unused Assets to reduce memory usage. Loaded Objects now: 1603.
Total: 1.998500 ms (FindLiveObjects: 0.324000 ms CreateObjectMapping: 0.112900 ms MarkObjects: 1.543900 ms  DeleteObjects: 0.016200 ms)

========================================================================
Received Prepare
Registering precompiled user dll's ...
Registered in 0.001202 seconds.
Begin MonoManager ReloadAssembly
Native extension for WindowsStandalone target not found
Refreshing native plugins compatible for Editor in 0.20 ms, found 0 plugins.
Preloading 0 native plugins for Editor in 0.00 ms.
Invoked RoslynAnalysisRunner static constructor.
RoslynAnalysisRunner will not be running.
RoslynAnalysisRunner has terminated.
Mono: successfully reloaded assembly
- Completed reload, in  0.819 seconds
Platform modules already initialized, skipping
Refreshing native plugins compatible for Editor in 0.24 ms, found 0 plugins.
Preloading 0 native plugins for Editor in 0.00 ms.
Unloading 1112 Unused Serialized files (Serialized files now loaded: 0)
System memory in use before: 142.6 MB.
System memory in use after: 142.7 MB.

Unloading 4 unused Assets to reduce memory usage. Loaded Objects now: 1606.
Total: 1.595000 ms (FindLiveObjects: 0.164600 ms CreateObjectMapping: 0.035900 ms MarkObjects: 1.381000 ms  DeleteObjects: 0.012700 ms)

========================================================================
Received Prepare
Registering precompiled user dll's ...
Registered in 0.001679 seconds.
Begin MonoManager ReloadAssembly
Native extension for WindowsStandalone target not found
Refreshing native plugins compatible for Editor in 0.50 ms, found 0 plugins.
Preloading 0 native plugins for Editor in 0.00 ms.
Invoked RoslynAnalysisRunner static constructor.
RoslynAnalysisRunner will not be running.
RoslynAnalysisRunner has terminated.
Mono: successfully reloaded assembly
- Completed reload, in  1.073 seconds
Platform modules already initialized, skipping
Refreshing native plugins compatible for Editor in 0.32 ms, found 0 plugins.
Preloading 0 native plugins for Editor in 0.00 ms.
Unloading 1112 Unused Serialized files (Serialized files now loaded: 0)
System memory in use before: 142.6 MB.
System memory in use after: 142.7 MB.

Unloading 4 unused Assets to reduce memory usage. Loaded Objects now: 1609.
Total: 1.954300 ms (FindLiveObjects: 0.148800 ms CreateObjectMapping: 0.046000 ms MarkObjects: 1.740700 ms  DeleteObjects: 0.017200 ms)

========================================================================
Received Import Request.
  Time since last request: 2053.727650 seconds.
  path: Assets/Scripts/PlayerController.cs
  artifactKey: Guid(fd29141d68902394090816f2d1987804) Importer(815301076,1909f56bfc062723c751e8b465ee728b)
Start importing Assets/Scripts/PlayerController.cs using Guid(fd29141d68902394090816f2d1987804) Importer(815301076,1909f56bfc062723c751e8b465ee728b)  -> (artifact id: '6263f56af603c3dc1cf067ecc3046ac3') in 0.014765 seconds
  Import took 0.017894 seconds .

========================================================================
Received Prepare
Registering precompiled user dll's ...
Registered in 0.001080 seconds.
Begin MonoManager ReloadAssembly
Native extension for WindowsStandalone target not found
Refreshing native plugins compatible for Editor in 0.20 ms, found 0 plugins.
Preloading 0 native plugins for Editor in 0.00 ms.
Invoked RoslynAnalysisRunner static constructor.
RoslynAnalysisRunner will not be running.
RoslynAnalysisRunner has terminated.
Mono: successfully reloaded assembly
- Completed reload, in  0.817 seconds
Platform modules already initialized, skipping
Refreshing native plugins compatible for Editor in 0.23 ms, found 0 plugins.
Preloading 0 native plugins for Editor in 0.00 ms.
Unloading 1112 Unused Serialized files (Serialized files now loaded: 0)
System memory in use before: 142.7 MB.
System memory in use after: 142.8 MB.

Unloading 4 unused Assets to reduce memory usage. Loaded Objects now: 1612.
Total: 1.855300 ms (FindLiveObjects: 0.220000 ms CreateObjectMapping: 0.038100 ms MarkObjects: 1.581700 ms  DeleteObjects: 0.013600 ms)

========================================================================
Received Import Request.
  Time since last request: 50.716125 seconds.
  path: Assets/Scripts/PlayerController.cs
  artifactKey: Guid(fd29141d68902394090816f2d1987804) Importer(815301076,1909f56bfc062723c751e8b465ee728b)
Start importing Assets/Scripts/PlayerController.cs using Guid(fd29141d68902394090816f2d1987804) Importer(815301076,1909f56bfc062723c751e8b465ee728b)  -> (artifact id: '4f92eaf86226d55f98fe4d4944c9055f') in 0.007892 seconds
  Import took 0.010190 seconds .

========================================================================
Received Prepare
Registering precompiled user dll's ...
Registered in 0.001419 seconds.
Begin MonoManager ReloadAssembly
Native extension for WindowsStandalone target not found
Refreshing native plugins compatible for Editor in 0.19 ms, found 0 plugins.
Preloading 0 native plugins for Editor in 0.00 ms.
Invoked RoslynAnalysisRunner static constructor.
RoslynAnalysisRunner will not be running.
RoslynAnalysisRunner has terminated.
Mono: successfully reloaded assembly
- Completed reload, in  0.735 seconds
Platform modules already initialized, skipping
Refreshing native plugins compatible for Editor in 0.24 ms, found 0 plugins.
Preloading 0 native plugins for Editor in 0.00 ms.
Unloading 1112 Unused Serialized files (Serialized files now loaded: 0)
System memory in use before: 142.7 MB.
System memory in use after: 142.8 MB.

Unloading 4 unused Assets to reduce memory usage. Loaded Objects now: 1615.
Total: 1.982200 ms (FindLiveObjects: 0.177000 ms CreateObjectMapping: 0.053600 ms MarkObjects: 1.734900 ms  DeleteObjects: 0.015700 ms)

AssetImportWorkerClient::OnTransportError - code=2 error=End of file
