Using pre-set license
Built from '2020.3/release' branch; Version is '2020.3.1f1 (77a89f25062f) revision 7841951'; Using compiler version '192528614'; Build Type 'Release'
OS: 'Windows 10 Home; OS build 19042.985; Version 2009; 64bit' Language: 'en' Physical Memory: 16120 MB
BatchMode: 1, IsHumanControllingUs: 0, StartBugReporterOnCrash: 0, Is64bit: 1, IsPro: 0

 COMMAND LINE ARGUMENTS:
C:\Program Files\Unity\Editor\Unity.exe
-adb2
-batchMode
-noUpm
-name
AssetImportWorker0
-projectPath
C:/Users/Max Hopkins/CinosDOE/CinosDOE
-logFile
Logs/AssetImportWorker0.log
-srvPort
57192
Successfully changed project path to: C:/Users/Max Hopkins/CinosDOE/CinosDOE
C:/Users/Max Hopkins/CinosDOE/CinosDOE
Using Asset Import Pipeline V2.
Refreshing native plugins compatible for Editor in 27.25 ms, found 0 plugins.
Preloading 0 native plugins for Editor in 0.00 ms.
Initialize engine version: 2020.3.1f1 (77a89f25062f)
[Subsystems] Discovering subsystems at path C:/Program Files/Unity/Editor/Data/Resources/UnitySubsystems
[Subsystems] Discovering subsystems at path C:/Users/Max Hopkins/CinosDOE/CinosDOE/Assets
GfxDevice: creating device client; threaded=0
Direct3D:
    Version:  Direct3D 11.0 [level 11.1]
    Renderer: NVIDIA GeForce GTX 1050 Ti with Max-Q Design (ID=0x1c8c)
    Vendor:   
    VRAM:     4031 MB
    Driver:   23.21.13.8934
Initialize mono
Mono path[0] = 'C:/Program Files/Unity/Editor/Data/Managed'
Mono path[1] = 'C:/Program Files/Unity/Editor/Data/MonoBleedingEdge/lib/mono/unityjit'
Mono config path = 'C:/Program Files/Unity/Editor/Data/MonoBleedingEdge/etc'
Using monoOptions --debugger-agent=transport=dt_socket,embedding=1,server=y,suspend=n,address=127.0.0.1:56336
Begin MonoManager ReloadAssembly
Registering precompiled unity dll's ...
Register platform support module: C:/Program Files/Unity/Editor/Data/PlaybackEngines/WebGLSupport/UnityEditor.WebGL.Extensions.dll
Register platform support module: C:/Program Files/Unity/Editor/Data/PlaybackEngines/WindowsStandaloneSupport/UnityEditor.WindowsStandalone.Extensions.dll
Registered in 0.004487 seconds.
Native extension for WindowsStandalone target not found
Native extension for WebGL target not found
Refreshing native plugins compatible for Editor in 25.62 ms, found 0 plugins.
Preloading 0 native plugins for Editor in 0.00 ms.
Invoked RoslynAnalysisRunner static constructor.
RoslynAnalysisRunner will not be running.
RoslynAnalysisRunner has terminated.
Mono: successfully reloaded assembly
- Completed reload, in  1.372 seconds
Platform modules already initialized, skipping
Registering precompiled user dll's ...
Registered in 0.001044 seconds.
Begin MonoManager ReloadAssembly
Native extension for WindowsStandalone target not found
Native extension for WebGL target not found
Refreshing native plugins compatible for Editor in 0.22 ms, found 0 plugins.
Preloading 0 native plugins for Editor in 0.00 ms.
Invoked RoslynAnalysisRunner static constructor.
RoslynAnalysisRunner will not be running.
RoslynAnalysisRunner has terminated.
Mono: successfully reloaded assembly
- Completed reload, in  0.820 seconds
Platform modules already initialized, skipping
========================================================================
Worker process is ready to serve import requests
Launched and connected shader compiler UnityShaderCompiler.exe after 0.06 seconds
Refreshing native plugins compatible for Editor in 0.23 ms, found 0 plugins.
Preloading 0 native plugins for Editor in 0.00 ms.
Unloading 1187 Unused Serialized files (Serialized files now loaded: 0)
System memory in use before: 147.8 MB.
System memory in use after: 147.8 MB.

Unloading 9 unused Assets to reduce memory usage. Loaded Objects now: 1661.
Total: 2.170600 ms (FindLiveObjects: 0.387900 ms CreateObjectMapping: 0.054100 ms MarkObjects: 1.589500 ms  DeleteObjects: 0.137700 ms)

========================================================================
Received Import Request.
  path: Assets/Animation/Animation/Main Camera.controller
  artifactKey: Guid(b3b3f96468e899e44935d56dea60fe1a) Importer(815301076,1909f56bfc062723c751e8b465ee728b)
Start importing Assets/Animation/Animation/Main Camera.controller using Guid(b3b3f96468e899e44935d56dea60fe1a) Importer(815301076,1909f56bfc062723c751e8b465ee728b)  -> (artifact id: 'bbc167c2e4531d73bc0093b4fae386b5') in 0.045768 seconds
  Import took 0.048202 seconds .

========================================================================
Received Prepare
Registering precompiled user dll's ...
Registered in 0.000998 seconds.
Begin MonoManager ReloadAssembly
Native extension for WindowsStandalone target not found
Native extension for WebGL target not found
Refreshing native plugins compatible for Editor in 0.22 ms, found 0 plugins.
Preloading 0 native plugins for Editor in 0.00 ms.
Invoked RoslynAnalysisRunner static constructor.
RoslynAnalysisRunner will not be running.
RoslynAnalysisRunner has terminated.
Mono: successfully reloaded assembly
- Completed reload, in  0.874 seconds
Platform modules already initialized, skipping
Refreshing native plugins compatible for Editor in 0.24 ms, found 0 plugins.
Preloading 0 native plugins for Editor in 0.00 ms.
Unloading 1165 Unused Serialized files (Serialized files now loaded: 0)
System memory in use before: 146.4 MB.
System memory in use after: 146.5 MB.

Unloading 5 unused Assets to reduce memory usage. Loaded Objects now: 1664.
Total: 1.989400 ms (FindLiveObjects: 0.175500 ms CreateObjectMapping: 0.035800 ms MarkObjects: 1.622100 ms  DeleteObjects: 0.155100 ms)

========================================================================
Received Prepare
Registering precompiled user dll's ...
Registered in 0.001012 seconds.
Begin MonoManager ReloadAssembly
Native extension for WindowsStandalone target not found
Native extension for WebGL target not found
Refreshing native plugins compatible for Editor in 0.22 ms, found 0 plugins.
Preloading 0 native plugins for Editor in 0.00 ms.
Invoked RoslynAnalysisRunner static constructor.
RoslynAnalysisRunner will not be running.
RoslynAnalysisRunner has terminated.
Mono: successfully reloaded assembly
- Completed reload, in  0.744 seconds
Platform modules already initialized, skipping
Refreshing native plugins compatible for Editor in 0.23 ms, found 0 plugins.
Preloading 0 native plugins for Editor in 0.00 ms.
Unloading 1165 Unused Serialized files (Serialized files now loaded: 0)
System memory in use before: 146.4 MB.
System memory in use after: 146.5 MB.

Unloading 5 unused Assets to reduce memory usage. Loaded Objects now: 1667.
Total: 1.842900 ms (FindLiveObjects: 0.140500 ms CreateObjectMapping: 0.039400 ms MarkObjects: 1.507400 ms  DeleteObjects: 0.154800 ms)

========================================================================
Received Prepare
Registering precompiled user dll's ...
Registered in 0.001347 seconds.
Begin MonoManager ReloadAssembly
Native extension for WindowsStandalone target not found
Native extension for WebGL target not found
Refreshing native plugins compatible for Editor in 0.29 ms, found 0 plugins.
Preloading 0 native plugins for Editor in 0.00 ms.
Invoked RoslynAnalysisRunner static constructor.
RoslynAnalysisRunner will not be running.
RoslynAnalysisRunner has terminated.
Mono: successfully reloaded assembly
- Completed reload, in  1.006 seconds
Platform modules already initialized, skipping
Refreshing native plugins compatible for Editor in 0.27 ms, found 0 plugins.
Preloading 0 native plugins for Editor in 0.00 ms.
Unloading 1165 Unused Serialized files (Serialized files now loaded: 0)
System memory in use before: 146.4 MB.
System memory in use after: 146.5 MB.

Unloading 5 unused Assets to reduce memory usage. Loaded Objects now: 1670.
Total: 3.102400 ms (FindLiveObjects: 0.176700 ms CreateObjectMapping: 0.059500 ms MarkObjects: 2.713800 ms  DeleteObjects: 0.150400 ms)

========================================================================
Received Prepare
Registering precompiled user dll's ...
Registered in 0.001000 seconds.
Begin MonoManager ReloadAssembly
Native extension for WindowsStandalone target not found
Native extension for WebGL target not found
Refreshing native plugins compatible for Editor in 0.22 ms, found 0 plugins.
Preloading 0 native plugins for Editor in 0.00 ms.
Invoked RoslynAnalysisRunner static constructor.
RoslynAnalysisRunner will not be running.
RoslynAnalysisRunner has terminated.
Mono: successfully reloaded assembly
- Completed reload, in  0.740 seconds
Platform modules already initialized, skipping
Refreshing native plugins compatible for Editor in 0.25 ms, found 0 plugins.
Preloading 0 native plugins for Editor in 0.00 ms.
Unloading 1165 Unused Serialized files (Serialized files now loaded: 0)
System memory in use before: 146.5 MB.
System memory in use after: 146.5 MB.

Unloading 5 unused Assets to reduce memory usage. Loaded Objects now: 1673.
Total: 1.992900 ms (FindLiveObjects: 0.259400 ms CreateObjectMapping: 0.048800 ms MarkObjects: 1.566000 ms  DeleteObjects: 0.116700 ms)

========================================================================
Received Import Request.
  Time since last request: 700.771118 seconds.
  path: Assets/Animation/Animators/SwordController.controller
  artifactKey: Guid(520f09d47627b6f4ebb9de02f071154e) Importer(815301076,1909f56bfc062723c751e8b465ee728b)
Start importing Assets/Animation/Animators/SwordController.controller using Guid(520f09d47627b6f4ebb9de02f071154e) Importer(815301076,1909f56bfc062723c751e8b465ee728b)  -> (artifact id: 'fa94d26620e5b35285fc030621fef30a') in 0.019357 seconds
  Import took 0.030581 seconds .

========================================================================
Received Prepare
Registering precompiled user dll's ...
Registered in 0.001221 seconds.
Begin MonoManager ReloadAssembly
Native extension for WindowsStandalone target not found
Native extension for WebGL target not found
Refreshing native plugins compatible for Editor in 0.22 ms, found 0 plugins.
Preloading 0 native plugins for Editor in 0.00 ms.
Invoked RoslynAnalysisRunner static constructor.
RoslynAnalysisRunner will not be running.
RoslynAnalysisRunner has terminated.
Mono: successfully reloaded assembly
- Completed reload, in  0.752 seconds
Platform modules already initialized, skipping
Refreshing native plugins compatible for Editor in 0.25 ms, found 0 plugins.
Preloading 0 native plugins for Editor in 0.00 ms.
Unloading 1165 Unused Serialized files (Serialized files now loaded: 0)
System memory in use before: 146.5 MB.
System memory in use after: 146.5 MB.

Unloading 5 unused Assets to reduce memory usage. Loaded Objects now: 1676.
Total: 1.781200 ms (FindLiveObjects: 0.142600 ms CreateObjectMapping: 0.040600 ms MarkObjects: 1.481100 ms  DeleteObjects: 0.115700 ms)

========================================================================
Received Prepare
Registering precompiled user dll's ...
Registered in 0.000971 seconds.
Begin MonoManager ReloadAssembly
Native extension for WindowsStandalone target not found
Native extension for WebGL target not found
Refreshing native plugins compatible for Editor in 0.22 ms, found 0 plugins.
Preloading 0 native plugins for Editor in 0.00 ms.
Invoked RoslynAnalysisRunner static constructor.
RoslynAnalysisRunner will not be running.
RoslynAnalysisRunner has terminated.
Mono: successfully reloaded assembly
- Completed reload, in  0.766 seconds
Platform modules already initialized, skipping
Refreshing native plugins compatible for Editor in 0.24 ms, found 0 plugins.
Preloading 0 native plugins for Editor in 0.00 ms.
Unloading 1165 Unused Serialized files (Serialized files now loaded: 0)
System memory in use before: 146.5 MB.
System memory in use after: 146.5 MB.

Unloading 5 unused Assets to reduce memory usage. Loaded Objects now: 1679.
Total: 2.070500 ms (FindLiveObjects: 0.182000 ms CreateObjectMapping: 0.038900 ms MarkObjects: 1.724600 ms  DeleteObjects: 0.123900 ms)

========================================================================
Received Prepare
Registering precompiled user dll's ...
Registered in 0.001470 seconds.
Begin MonoManager ReloadAssembly
Native extension for WindowsStandalone target not found
Native extension for WebGL target not found
Refreshing native plugins compatible for Editor in 0.31 ms, found 0 plugins.
Preloading 0 native plugins for Editor in 0.00 ms.
Invoked RoslynAnalysisRunner static constructor.
RoslynAnalysisRunner will not be running.
RoslynAnalysisRunner has terminated.
Mono: successfully reloaded assembly
- Completed reload, in  1.119 seconds
Platform modules already initialized, skipping
Refreshing native plugins compatible for Editor in 0.31 ms, found 0 plugins.
Preloading 0 native plugins for Editor in 0.00 ms.
Unloading 1165 Unused Serialized files (Serialized files now loaded: 0)
System memory in use before: 146.5 MB.
System memory in use after: 146.5 MB.

Unloading 5 unused Assets to reduce memory usage. Loaded Objects now: 1682.
Total: 2.830400 ms (FindLiveObjects: 0.356200 ms CreateObjectMapping: 0.083800 ms MarkObjects: 2.188700 ms  DeleteObjects: 0.199600 ms)

========================================================================
Received Prepare
Registering precompiled user dll's ...
Registered in 0.001079 seconds.
Begin MonoManager ReloadAssembly
Native extension for WindowsStandalone target not found
Native extension for WebGL target not found
Refreshing native plugins compatible for Editor in 0.23 ms, found 0 plugins.
Preloading 0 native plugins for Editor in 0.00 ms.
Invoked RoslynAnalysisRunner static constructor.
RoslynAnalysisRunner will not be running.
RoslynAnalysisRunner has terminated.
Mono: successfully reloaded assembly
- Completed reload, in  0.742 seconds
Platform modules already initialized, skipping
Refreshing native plugins compatible for Editor in 0.25 ms, found 0 plugins.
Preloading 0 native plugins for Editor in 0.00 ms.
Unloading 1165 Unused Serialized files (Serialized files now loaded: 0)
System memory in use before: 146.5 MB.
System memory in use after: 146.5 MB.

Unloading 5 unused Assets to reduce memory usage. Loaded Objects now: 1685.
Total: 2.379800 ms (FindLiveObjects: 0.363500 ms CreateObjectMapping: 0.100100 ms MarkObjects: 1.755900 ms  DeleteObjects: 0.158400 ms)

========================================================================
Received Prepare
Registering precompiled user dll's ...
Registered in 0.001195 seconds.
Begin MonoManager ReloadAssembly
Native extension for WindowsStandalone target not found
Native extension for WebGL target not found
Refreshing native plugins compatible for Editor in 0.22 ms, found 0 plugins.
Preloading 0 native plugins for Editor in 0.00 ms.
Invoked RoslynAnalysisRunner static constructor.
RoslynAnalysisRunner will not be running.
RoslynAnalysisRunner has terminated.
Mono: successfully reloaded assembly
- Completed reload, in  0.748 seconds
Platform modules already initialized, skipping
Refreshing native plugins compatible for Editor in 0.25 ms, found 0 plugins.
Preloading 0 native plugins for Editor in 0.00 ms.
Unloading 1165 Unused Serialized files (Serialized files now loaded: 0)
System memory in use before: 146.5 MB.
System memory in use after: 146.5 MB.

Unloading 5 unused Assets to reduce memory usage. Loaded Objects now: 1688.
Total: 2.177700 ms (FindLiveObjects: 0.207300 ms CreateObjectMapping: 0.055600 ms MarkObjects: 1.802700 ms  DeleteObjects: 0.110800 ms)

========================================================================
Received Prepare
Registering precompiled user dll's ...
Registered in 0.001305 seconds.
Begin MonoManager ReloadAssembly
Native extension for WindowsStandalone target not found
Native extension for WebGL target not found
Refreshing native plugins compatible for Editor in 0.23 ms, found 0 plugins.
Preloading 0 native plugins for Editor in 0.00 ms.
Invoked RoslynAnalysisRunner static constructor.
RoslynAnalysisRunner will not be running.
RoslynAnalysisRunner has terminated.
Mono: successfully reloaded assembly
- Completed reload, in  1.063 seconds
Platform modules already initialized, skipping
Refreshing native plugins compatible for Editor in 0.30 ms, found 0 plugins.
Preloading 0 native plugins for Editor in 0.00 ms.
Unloading 1165 Unused Serialized files (Serialized files now loaded: 0)
System memory in use before: 146.5 MB.
System memory in use after: 146.6 MB.

Unloading 5 unused Assets to reduce memory usage. Loaded Objects now: 1691.
Total: 2.534400 ms (FindLiveObjects: 0.366200 ms CreateObjectMapping: 0.074500 ms MarkObjects: 1.875500 ms  DeleteObjects: 0.216300 ms)

========================================================================
Received Prepare
Registering precompiled user dll's ...
Registered in 0.000987 seconds.
Begin MonoManager ReloadAssembly
Native extension for WindowsStandalone target not found
Native extension for WebGL target not found
Refreshing native plugins compatible for Editor in 0.23 ms, found 0 plugins.
Preloading 0 native plugins for Editor in 0.00 ms.
Invoked RoslynAnalysisRunner static constructor.
RoslynAnalysisRunner will not be running.
RoslynAnalysisRunner has terminated.
Mono: successfully reloaded assembly
- Completed reload, in  0.772 seconds
Platform modules already initialized, skipping
Refreshing native plugins compatible for Editor in 0.34 ms, found 0 plugins.
Preloading 0 native plugins for Editor in 0.00 ms.
Unloading 1165 Unused Serialized files (Serialized files now loaded: 0)
System memory in use before: 146.5 MB.
System memory in use after: 146.6 MB.

Unloading 5 unused Assets to reduce memory usage. Loaded Objects now: 1694.
Total: 3.468000 ms (FindLiveObjects: 0.251000 ms CreateObjectMapping: 0.044600 ms MarkObjects: 3.022900 ms  DeleteObjects: 0.147200 ms)

========================================================================
Received Prepare
Registering precompiled user dll's ...
Registered in 0.001058 seconds.
Begin MonoManager ReloadAssembly
Native extension for WindowsStandalone target not found
Native extension for WebGL target not found
Refreshing native plugins compatible for Editor in 0.23 ms, found 0 plugins.
Preloading 0 native plugins for Editor in 0.00 ms.
Invoked RoslynAnalysisRunner static constructor.
RoslynAnalysisRunner will not be running.
RoslynAnalysisRunner has terminated.
Mono: successfully reloaded assembly
- Completed reload, in  0.769 seconds
Platform modules already initialized, skipping
Refreshing native plugins compatible for Editor in 0.26 ms, found 0 plugins.
Preloading 0 native plugins for Editor in 0.00 ms.
Unloading 1179 Unused Serialized files (Serialized files now loaded: 0)
System memory in use before: 146.8 MB.
System memory in use after: 146.9 MB.

Unloading 5 unused Assets to reduce memory usage. Loaded Objects now: 1711.
Total: 2.873400 ms (FindLiveObjects: 0.414000 ms CreateObjectMapping: 0.102300 ms MarkObjects: 2.199700 ms  DeleteObjects: 0.155800 ms)

========================================================================
Received Import Request.
  Time since last request: 1427.219515 seconds.
  path: Assets/Scripts/ExplosionShake.asset
  artifactKey: Guid(39b85346e4df57547b8f08bf881d4021) Importer(815301076,1909f56bfc062723c751e8b465ee728b)
Start importing Assets/Scripts/ExplosionShake.asset using Guid(39b85346e4df57547b8f08bf881d4021) Importer(815301076,1909f56bfc062723c751e8b465ee728b)  -> (artifact id: '67153821fa8e4bd0416e6f149ca310f4') in 0.022404 seconds
  Import took 0.024673 seconds .

========================================================================
Received Import Request.
  Time since last request: 0.019350 seconds.
  path: Assets/Scripts/ExplosionShake.asset
  artifactKey: Guid(39b85346e4df57547b8f08bf881d4021) Importer(815301076,1909f56bfc062723c751e8b465ee728b)
Start importing Assets/Scripts/ExplosionShake.asset using Guid(39b85346e4df57547b8f08bf881d4021) Importer(815301076,1909f56bfc062723c751e8b465ee728b)  -> (artifact id: '67153821fa8e4bd0416e6f149ca310f4') in 0.005543 seconds
  Import took 0.008467 seconds .

========================================================================
Received Prepare
Registering precompiled user dll's ...
Registered in 0.001029 seconds.
Begin MonoManager ReloadAssembly
Native extension for WindowsStandalone target not found
Native extension for WebGL target not found
Refreshing native plugins compatible for Editor in 0.22 ms, found 0 plugins.
Preloading 0 native plugins for Editor in 0.00 ms.
Invoked RoslynAnalysisRunner static constructor.
RoslynAnalysisRunner will not be running.
RoslynAnalysisRunner has terminated.
Mono: successfully reloaded assembly
- Completed reload, in  0.771 seconds
Platform modules already initialized, skipping
Refreshing native plugins compatible for Editor in 0.25 ms, found 0 plugins.
Preloading 0 native plugins for Editor in 0.00 ms.
Unloading 1179 Unused Serialized files (Serialized files now loaded: 0)
System memory in use before: 146.8 MB.
System memory in use after: 146.9 MB.

Unloading 5 unused Assets to reduce memory usage. Loaded Objects now: 1714.
Total: 1.920000 ms (FindLiveObjects: 0.135600 ms CreateObjectMapping: 0.036200 ms MarkObjects: 1.632700 ms  DeleteObjects: 0.114300 ms)

========================================================================
Received Prepare
Registering precompiled user dll's ...
Registered in 0.001651 seconds.
Begin MonoManager ReloadAssembly
Native extension for WindowsStandalone target not found
Native extension for WebGL target not found
Refreshing native plugins compatible for Editor in 0.24 ms, found 0 plugins.
Preloading 0 native plugins for Editor in 0.00 ms.
Invoked RoslynAnalysisRunner static constructor.
RoslynAnalysisRunner will not be running.
RoslynAnalysisRunner has terminated.
Mono: successfully reloaded assembly
- Completed reload, in  0.817 seconds
Platform modules already initialized, skipping
Refreshing native plugins compatible for Editor in 0.23 ms, found 0 plugins.
Preloading 0 native plugins for Editor in 0.00 ms.
Unloading 1179 Unused Serialized files (Serialized files now loaded: 0)
System memory in use before: 146.9 MB.
System memory in use after: 147.0 MB.

Unloading 5 unused Assets to reduce memory usage. Loaded Objects now: 1717.
Total: 2.080100 ms (FindLiveObjects: 0.187700 ms CreateObjectMapping: 0.042000 ms MarkObjects: 1.698700 ms  DeleteObjects: 0.150600 ms)

========================================================================
Received Prepare
Registering precompiled user dll's ...
Registered in 0.000934 seconds.
Begin MonoManager ReloadAssembly
Native extension for WindowsStandalone target not found
Native extension for WebGL target not found
Refreshing native plugins compatible for Editor in 0.22 ms, found 0 plugins.
Preloading 0 native plugins for Editor in 0.00 ms.
Invoked RoslynAnalysisRunner static constructor.
RoslynAnalysisRunner will not be running.
RoslynAnalysisRunner has terminated.
Mono: successfully reloaded assembly
- Completed reload, in  0.782 seconds
Platform modules already initialized, skipping
Refreshing native plugins compatible for Editor in 0.26 ms, found 0 plugins.
Preloading 0 native plugins for Editor in 0.00 ms.
Unloading 1179 Unused Serialized files (Serialized files now loaded: 0)
System memory in use before: 146.9 MB.
System memory in use after: 147.0 MB.

Unloading 5 unused Assets to reduce memory usage. Loaded Objects now: 1720.
Total: 2.530500 ms (FindLiveObjects: 0.231600 ms CreateObjectMapping: 0.069300 ms MarkObjects: 2.063300 ms  DeleteObjects: 0.164900 ms)

========================================================================
Received Prepare
Registering precompiled user dll's ...
Registered in 0.001018 seconds.
Begin MonoManager ReloadAssembly
Native extension for WindowsStandalone target not found
Native extension for WebGL target not found
Refreshing native plugins compatible for Editor in 0.22 ms, found 0 plugins.
Preloading 0 native plugins for Editor in 0.00 ms.
Invoked RoslynAnalysisRunner static constructor.
RoslynAnalysisRunner will not be running.
RoslynAnalysisRunner has terminated.
Mono: successfully reloaded assembly
- Completed reload, in  0.726 seconds
Platform modules already initialized, skipping
Refreshing native plugins compatible for Editor in 0.24 ms, found 0 plugins.
Preloading 0 native plugins for Editor in 0.00 ms.
Unloading 1179 Unused Serialized files (Serialized files now loaded: 0)
System memory in use before: 146.9 MB.
System memory in use after: 147.0 MB.

Unloading 5 unused Assets to reduce memory usage. Loaded Objects now: 1723.
Total: 2.273200 ms (FindLiveObjects: 0.209000 ms CreateObjectMapping: 0.050800 ms MarkObjects: 1.852600 ms  DeleteObjects: 0.158900 ms)

========================================================================
Received Prepare
Registering precompiled user dll's ...
Registered in 0.000984 seconds.
Begin MonoManager ReloadAssembly
Native extension for WindowsStandalone target not found
Native extension for WebGL target not found
Refreshing native plugins compatible for Editor in 0.22 ms, found 0 plugins.
Preloading 0 native plugins for Editor in 0.00 ms.
Invoked RoslynAnalysisRunner static constructor.
RoslynAnalysisRunner will not be running.
RoslynAnalysisRunner has terminated.
Mono: successfully reloaded assembly
- Completed reload, in  0.772 seconds
Platform modules already initialized, skipping
Refreshing native plugins compatible for Editor in 0.27 ms, found 0 plugins.
Preloading 0 native plugins for Editor in 0.00 ms.
Unloading 1179 Unused Serialized files (Serialized files now loaded: 0)
System memory in use before: 146.9 MB.
System memory in use after: 147.0 MB.

Unloading 5 unused Assets to reduce memory usage. Loaded Objects now: 1726.
Total: 2.212000 ms (FindLiveObjects: 0.185000 ms CreateObjectMapping: 0.081100 ms MarkObjects: 1.783000 ms  DeleteObjects: 0.161400 ms)

========================================================================
Received Prepare
Registering precompiled user dll's ...
Registered in 0.000979 seconds.
Begin MonoManager ReloadAssembly
Native extension for WindowsStandalone target not found
Native extension for WebGL target not found
Refreshing native plugins compatible for Editor in 0.23 ms, found 0 plugins.
Preloading 0 native plugins for Editor in 0.00 ms.
Invoked RoslynAnalysisRunner static constructor.
RoslynAnalysisRunner will not be running.
RoslynAnalysisRunner has terminated.
Mono: successfully reloaded assembly
- Completed reload, in  0.772 seconds
Platform modules already initialized, skipping
Refreshing native plugins compatible for Editor in 0.31 ms, found 0 plugins.
Preloading 0 native plugins for Editor in 0.00 ms.
Unloading 1179 Unused Serialized files (Serialized files now loaded: 0)
System memory in use before: 146.9 MB.
System memory in use after: 147.0 MB.

Unloading 5 unused Assets to reduce memory usage. Loaded Objects now: 1729.
Total: 2.024800 ms (FindLiveObjects: 0.192300 ms CreateObjectMapping: 0.048200 ms MarkObjects: 1.625200 ms  DeleteObjects: 0.158300 ms)

========================================================================
Received Prepare
Registering precompiled user dll's ...
Registered in 0.001082 seconds.
Begin MonoManager ReloadAssembly
Native extension for WindowsStandalone target not found
Native extension for WebGL target not found
Refreshing native plugins compatible for Editor in 0.22 ms, found 0 plugins.
Preloading 0 native plugins for Editor in 0.00 ms.
Invoked RoslynAnalysisRunner static constructor.
RoslynAnalysisRunner will not be running.
RoslynAnalysisRunner has terminated.
Mono: successfully reloaded assembly
- Completed reload, in  0.798 seconds
Platform modules already initialized, skipping
Refreshing native plugins compatible for Editor in 0.26 ms, found 0 plugins.
Preloading 0 native plugins for Editor in 0.00 ms.
Unloading 1179 Unused Serialized files (Serialized files now loaded: 0)
System memory in use before: 146.9 MB.
System memory in use after: 147.0 MB.

Unloading 5 unused Assets to reduce memory usage. Loaded Objects now: 1732.
Total: 1.889100 ms (FindLiveObjects: 0.183500 ms CreateObjectMapping: 0.034400 ms MarkObjects: 1.560400 ms  DeleteObjects: 0.109100 ms)

========================================================================
Received Prepare
Registering precompiled user dll's ...
Registered in 0.000952 seconds.
Begin MonoManager ReloadAssembly
Native extension for WindowsStandalone target not found
Native extension for WebGL target not found
Refreshing native plugins compatible for Editor in 0.22 ms, found 0 plugins.
Preloading 0 native plugins for Editor in 0.00 ms.
Invoked RoslynAnalysisRunner static constructor.
RoslynAnalysisRunner will not be running.
RoslynAnalysisRunner has terminated.
Mono: successfully reloaded assembly
- Completed reload, in  0.787 seconds
Platform modules already initialized, skipping
Refreshing native plugins compatible for Editor in 0.27 ms, found 0 plugins.
Preloading 0 native plugins for Editor in 0.00 ms.
Unloading 1179 Unused Serialized files (Serialized files now loaded: 0)
System memory in use before: 146.9 MB.
System memory in use after: 147.0 MB.

Unloading 5 unused Assets to reduce memory usage. Loaded Objects now: 1735.
Total: 2.061900 ms (FindLiveObjects: 0.317200 ms CreateObjectMapping: 0.052100 ms MarkObjects: 1.576500 ms  DeleteObjects: 0.114200 ms)

========================================================================
Received Prepare
Registering precompiled user dll's ...
Registered in 0.000973 seconds.
Begin MonoManager ReloadAssembly
Native extension for WindowsStandalone target not found
Native extension for WebGL target not found
Refreshing native plugins compatible for Editor in 0.24 ms, found 0 plugins.
Preloading 0 native plugins for Editor in 0.00 ms.
Invoked RoslynAnalysisRunner static constructor.
RoslynAnalysisRunner will not be running.
RoslynAnalysisRunner has terminated.
Mono: successfully reloaded assembly
- Completed reload, in  0.795 seconds
Platform modules already initialized, skipping
Refreshing native plugins compatible for Editor in 0.26 ms, found 0 plugins.
Preloading 0 native plugins for Editor in 0.00 ms.
Unloading 1179 Unused Serialized files (Serialized files now loaded: 0)
System memory in use before: 146.9 MB.
System memory in use after: 147.0 MB.

Unloading 5 unused Assets to reduce memory usage. Loaded Objects now: 1738.
Total: 1.938000 ms (FindLiveObjects: 0.217000 ms CreateObjectMapping: 0.060700 ms MarkObjects: 1.547600 ms  DeleteObjects: 0.111500 ms)

========================================================================
Received Prepare
Registering precompiled user dll's ...
Registered in 0.001116 seconds.
Begin MonoManager ReloadAssembly
Native extension for WindowsStandalone target not found
Native extension for WebGL target not found
Refreshing native plugins compatible for Editor in 0.22 ms, found 0 plugins.
Preloading 0 native plugins for Editor in 0.00 ms.
Invoked RoslynAnalysisRunner static constructor.
RoslynAnalysisRunner will not be running.
RoslynAnalysisRunner has terminated.
Mono: successfully reloaded assembly
- Completed reload, in  0.719 seconds
Platform modules already initialized, skipping
Refreshing native plugins compatible for Editor in 0.25 ms, found 0 plugins.
Preloading 0 native plugins for Editor in 0.00 ms.
Unloading 1179 Unused Serialized files (Serialized files now loaded: 0)
System memory in use before: 147.0 MB.
System memory in use after: 147.0 MB.

Unloading 5 unused Assets to reduce memory usage. Loaded Objects now: 1741.
Total: 2.115400 ms (FindLiveObjects: 0.242400 ms CreateObjectMapping: 0.085300 ms MarkObjects: 1.665400 ms  DeleteObjects: 0.121000 ms)

========================================================================
Received Import Request.
  Time since last request: 1076.873598 seconds.
  path: Assets/Scripts/ExplosionShake.asset
  artifactKey: Guid(39b85346e4df57547b8f08bf881d4021) Importer(815301076,1909f56bfc062723c751e8b465ee728b)
Start importing Assets/Scripts/ExplosionShake.asset using Guid(39b85346e4df57547b8f08bf881d4021) Importer(815301076,1909f56bfc062723c751e8b465ee728b)  -> (artifact id: '4d5e8a0c0f049ddebbf761fe61524eda') in 0.010354 seconds
  Import took 0.012514 seconds .

